<?xml version="1.0" encoding="UTF-8"?>
<testsuite xmlns:xsi="http://www.w3.org/2001/XMLSchema-instance" xsi:noNamespaceSchemaLocation="https://maven.apache.org/surefire/maven-surefire-plugin/xsd/surefire-test-report.xsd" version="3.0.2" name="com.jobboard.api.JobBoardApiApplicationTests" time="13.906" tests="8" errors="0" skipped="0" failures="6">
  <properties>
[...]
</properties>
  <testcase name="companiesEndpointReturnsOk" classname="com.jobboard.api.JobBoardApiApplicationTests" time="0.928">
    <failure message="Status expected:&lt;200&gt; but was:&lt;401&gt;" type="java.lang.AssertionError"><![CDATA[java.lang.AssertionError: Status expected:<200> but was:<401>
	at org.springframework.test.util.AssertionErrors.fail(AssertionErrors.java:61)
	at org.springframework.test.util.AssertionErrors.assertEquals(AssertionErrors.java:128)
	at org.springframework.test.web.servlet.result.StatusResultMatchers.lambda$matcher$9(StatusResultMatchers.java:640)
	at org.springframework.test.web.servlet.MockMvc$1.andExpect(MockMvc.java:214)
	at com.jobboard.api.JobBoardApiApplicationTests.companiesEndpointReturnsOk(JobBoardApiApplicationTests.java:62)
	at java.base/java.lang.reflect.Method.invoke(Method.java:568)
	at java.base/java.util.ArrayList.forEach(ArrayList.java:1511)
	at java.base/java.util.ArrayList.forEach(ArrayList.java:1511)
]]></failure>
    <system-out><![CDATA[20:44:51.316 [main] INFO org.springframework.test.context.support.AnnotationConfigContextLoaderUtils -- Could not detect default configuration classes for test class [com.jobboard.api.JobBoardApiApplicationTests]: JobBoardApiApplicationTests does not declare any static, non-private, non-final, nested classes annotated with @Configuration.
20:44:51.550 [main] INFO org.springframework.boot.test.context.SpringBootTestContextBootstrapper -- Found @SpringBootConfiguration com.jobboard.api.JobBoardApiApplication for test class com.jobboard.api.JobBoardApiApplicationTests

  .   ____          _            __ _ _
 /\\ / ___'_ __ _ _(_)_ __  __ _ \ \ \ \
( ( )\___ | '_ | '_| | '_ \/ _` | \ \ \ \
 \\/  ___)| |_)| | | | | || (_| |  ) ) ) )
  '  |____| .__|_| |_|_| |_\__, | / / / /
 =========|_|==============|___/=/_/_/_/

 :: Spring Boot ::                (v3.5.5)

2026-07-11T20:44:52.564+05:30  INFO 26608 --- [job-board-api] [           main] c.j.api.JobBoardApiApplicationTests      : Starting JobBoardApiApplicationTests using Java 17.0.12 with PID 26608 (started by Ramadurgam upendra in C:\Users\Ramadurgam upendra\Downloads\job-board-backend-v3\job-board-backend)
2026-07-11T20:44:52.567+05:30  INFO 26608 --- [job-board-api] [           main] c.j.api.JobBoardApiApplicationTests      : The following 1 profile is active: "dev"
2026-07-11T20:44:54.249+05:30  INFO 26608 --- [job-board-api] [           main] .s.d.r.c.RepositoryConfigurationDelegate : Bootstrapping Spring Data JPA repositories in DEFAULT mode.
2026-07-11T20:44:54.388+05:30  INFO 26608 --- [job-board-api] [           main] .s.d.r.c.RepositoryConfigurationDelegate : Finished Spring Data repository scanning in 119 ms. Found 5 JPA repository interfaces.
2026-07-11T20:44:55.350+05:30  INFO 26608 --- [job-board-api] [           main] o.hibernate.jpa.internal.util.LogHelper  : HHH000204: Processing PersistenceUnitInfo [name: default]
2026-07-11T20:44:55.463+05:30  INFO 26608 --- [job-board-api] [           main] org.hibernate.Version                    : HHH000412: Hibernate ORM core version 6.6.26.Final
2026-07-11T20:44:55.543+05:30  INFO 26608 --- [job-board-api] [           main] o.h.c.internal.RegionFactoryInitiator    : HHH000026: Second-level cache disabled
2026-07-11T20:44:56.140+05:30  INFO 26608 --- [job-board-api] [           main] o.s.o.j.p.SpringPersistenceUnitInfo      : No LoadTimeWeaver setup: ignoring JPA class transformer
2026-07-11T20:44:56.210+05:30  INFO 26608 --- [job-board-api] [           main] com.zaxxer.hikari.HikariDataSource       : HikariPool-1 - Starting...
2026-07-11T20:44:56.583+05:30  INFO 26608 --- [job-board-api] [           main] com.zaxxer.hikari.pool.HikariPool        : HikariPool-1 - Added connection conn0: url=jdbc:h2:mem:jobboard user=SA
2026-07-11T20:44:56.585+05:30  INFO 26608 --- [job-board-api] [           main] com.zaxxer.hikari.HikariDataSource       : HikariPool-1 - Start completed.
2026-07-11T20:44:56.641+05:30  WARN 26608 --- [job-board-api] [           main] org.hibernate.orm.deprecation            : HHH90000025: H2Dialect does not need to be specified explicitly using 'hibernate.dialect' (remove the property setting and it will be selected by default)
2026-07-11T20:44:56.686+05:30  INFO 26608 --- [job-board-api] [           main] org.hibernate.orm.connections.pooling    : HHH10001005: Database info:
	Database JDBC URL [Connecting through datasource 'HikariDataSource (HikariPool-1)']
	Database driver: undefined/unknown
	Database version: 2.3.232
	Autocommit mode: undefined/unknown
	Isolation level: undefined/unknown
	Minimum pool size: undefined/unknown
	Maximum pool size: undefined/unknown
2026-07-11T20:44:58.477+05:30  INFO 26608 --- [job-board-api] [           main] o.h.e.t.j.p.i.JtaPlatformInitiator       : HHH000489: No JTA platform available (set 'hibernate.transaction.jta.platform' to enable JTA platform integration)
2026-07-11T20:44:58.502+05:30 DEBUG 26608 --- [job-board-api] [           main] org.hibernate.SQL                        : drop table if exists applications cascade 
2026-07-11T20:44:58.509+05:30 DEBUG 26608 --- [job-board-api] [           main] org.hibernate.SQL                        : drop table if exists companies cascade 
2026-07-11T20:44:58.509+05:30 DEBUG 26608 --- [job-board-api] [           main] org.hibernate.SQL                        : drop table if exists job_tags cascade 
2026-07-11T20:44:58.510+05:30 DEBUG 26608 --- [job-board-api] [           main] org.hibernate.SQL                        : drop table if exists jobs cascade 
2026-07-11T20:44:58.510+05:30 DEBUG 26608 --- [job-board-api] [           main] org.hibernate.SQL                        : drop table if exists saved_jobs cascade 
2026-07-11T20:44:58.511+05:30 DEBUG 26608 --- [job-board-api] [           main] org.hibernate.SQL                        : drop table if exists users cascade 
2026-07-11T20:44:58.520+05:30 DEBUG 26608 --- [job-board-api] [           main] org.hibernate.SQL                        : create table applications (applicant_id bigint not null, applied_at timestamp(6), id bigint generated by default as identity, job_id bigint not null, note varchar(2000), status enum ('ACCEPTED','APPLIED','REJECTED','REVIEWED') not null, primary key (id), unique (job_id, applicant_id))
2026-07-11T20:44:58.537+05:30 DEBUG 26608 --- [job-board-api] [           main] org.hibernate.SQL                        : create table companies (created_at timestamp(6), id bigint generated by default as identity, owner_id bigint not null, description varchar(2000), location varchar(255), logo_url varchar(255), name varchar(255) not null, website varchar(255), primary key (id))
2026-07-11T20:44:58.539+05:30 DEBUG 26608 --- [job-board-api] [           main] org.hibernate.SQL                        : create table job_tags (tag_order integer not null, job_id bigint not null, tag varchar(255), primary key (tag_order, job_id))
2026-07-11T20:44:58.540+05:30 DEBUG 26608 --- [job-board-api] [           main] org.hibernate.SQL                        : create table jobs (salary_max integer, salary_min integer, company_id bigint not null, created_at timestamp(6), id bigint generated by default as identity, posted_by bigint not null, description varchar(3000), category varchar(255), location varchar(255) not null, title varchar(255) not null, experience_level enum ('ENTRY','LEAD','MID','SENIOR') not null, job_type enum ('CONTRACT','FULL_TIME','INTERNSHIP','PART_TIME') not null, primary key (id))
2026-07-11T20:44:58.542+05:30 DEBUG 26608 --- [job-board-api] [           main] org.hibernate.SQL                        : create table saved_jobs (id bigint generated by default as identity, job_id bigint not null, saved_at timestamp(6), user_id bigint not null, primary key (id), unique (user_id, job_id))
2026-07-11T20:44:58.544+05:30 DEBUG 26608 --- [job-board-api] [           main] org.hibernate.SQL                        : create table users (created_at timestamp(6), id bigint generated by default as identity, email varchar(255) not null unique, full_name varchar(255) not null, password varchar(255) not null, role enum ('ADMIN','EMPLOYER','JOB_SEEKER') not null, primary key (id))
2026-07-11T20:44:58.546+05:30 DEBUG 26608 --- [job-board-api] [           main] org.hibernate.SQL                        : alter table if exists applications add constraint FKgi56fay19nbaiamp5xyhd7ptc foreign key (applicant_id) references users
2026-07-11T20:44:58.564+05:30 DEBUG 26608 --- [job-board-api] [           main] org.hibernate.SQL                        : alter table if exists applications add constraint FK65weib1lru9dkrbto5pv389vi foreign key (job_id) references jobs
2026-07-11T20:44:58.565+05:30 DEBUG 26608 --- [job-board-api] [           main] org.hibernate.SQL                        : alter table if exists companies add constraint FKikhsc7na5r394c8jghny8b6t4 foreign key (owner_id) references users
2026-07-11T20:44:58.568+05:30 DEBUG 26608 --- [job-board-api] [           main] org.hibernate.SQL                        : alter table if exists job_tags add constraint FKy5ln7dquha6f0a63bnux2qlk foreign key (job_id) references jobs
2026-07-11T20:44:58.569+05:30 DEBUG 26608 --- [job-board-api] [           main] org.hibernate.SQL                        : alter table if exists jobs add constraint FKrtmqcrktb6s7xq8djbs2a2war foreign key (company_id) references companies
2026-07-11T20:44:58.571+05:30 DEBUG 26608 --- [job-board-api] [           main] org.hibernate.SQL                        : alter table if exists jobs add constraint FKq4v0nwosiuabukh6vlo7414wd foreign key (posted_by) references users
2026-07-11T20:44:58.574+05:30 DEBUG 26608 --- [job-board-api] [           main] org.hibernate.SQL                        : alter table if exists saved_jobs add constraint FKawvc9t3d3efu6ta6h30tb984t foreign key (job_id) references jobs
2026-07-11T20:44:58.576+05:30 DEBUG 26608 --- [job-board-api] [           main] org.hibernate.SQL                        : alter table if exists saved_jobs add constraint FK5fc45yi5nwtm3y93nt4fcpln6 foreign key (user_id) references users
2026-07-11T20:44:58.582+05:30  INFO 26608 --- [job-board-api] [           main] j.LocalContainerEntityManagerFactoryBean : Initialized JPA EntityManagerFactory for persistence unit 'default'
2026-07-11T20:44:59.105+05:30  INFO 26608 --- [job-board-api] [           main] o.s.d.j.r.query.QueryEnhancerFactory     : Hibernate is in classpath; If applicable, HQL parser will be used.
2026-07-11T20:45:02.564+05:30  INFO 26608 --- [job-board-api] [           main] o.s.b.a.h2.H2ConsoleAutoConfiguration    : H2 console available at '/h2-console'. Database available at 'jdbc:h2:mem:jobboard'
2026-07-11T20:45:02.718+05:30  WARN 26608 --- [job-board-api] [           main] .s.s.UserDetailsServiceAutoConfiguration : 

Using generated security password: a816665b-d119-4012-9a1e-39efb0a02835

This generated password is for development use only. Your security configuration must be updated before running your application in production.

2026-07-11T20:45:02.735+05:30  INFO 26608 --- [job-board-api] [           main] r$InitializeUserDetailsManagerConfigurer : Global AuthenticationManager configured with UserDetailsService bean with name inMemoryUserDetailsManager
2026-07-11T20:45:03.150+05:30  INFO 26608 --- [job-board-api] [           main] o.s.b.t.m.w.SpringBootMockServletContext : Initializing Spring TestDispatcherServlet ''
2026-07-11T20:45:03.152+05:30  INFO 26608 --- [job-board-api] [           main] o.s.t.web.servlet.TestDispatcherServlet  : Initializing Servlet ''
2026-07-11T20:45:03.155+05:30  INFO 26608 --- [job-board-api] [           main] o.s.t.web.servlet.TestDispatcherServlet  : Completed initialization in 3 ms
2026-07-11T20:45:03.224+05:30  INFO 26608 --- [job-board-api] [           main] c.j.api.JobBoardApiApplicationTests      : Started JobBoardApiApplicationTests in 11.321 seconds (process running for 13.363)
2026-07-11T20:45:03.414+05:30 DEBUG 26608 --- [job-board-api] [           main] org.hibernate.SQL                        : select count(*) from users u1_0
2026-07-11T20:45:03.510+05:30 DEBUG 26608 --- [job-board-api] [           main] org.hibernate.SQL                        : insert into users (created_at,email,full_name,password,role,id) values (?,?,?,?,?,default)
2026-07-11T20:45:03.553+05:30 DEBUG 26608 --- [job-board-api] [           main] org.hibernate.SQL                        : insert into users (created_at,email,full_name,password,role,id) values (?,?,?,?,?,default)
2026-07-11T20:45:03.557+05:30 DEBUG 26608 --- [job-board-api] [           main] org.hibernate.SQL                        : insert into users (created_at,email,full_name,password,role,id) values (?,?,?,?,?,default)
2026-07-11T20:45:03.560+05:30 DEBUG 26608 --- [job-board-api] [           main] org.hibernate.SQL                        : insert into users (created_at,email,full_name,password,role,id) values (?,?,?,?,?,default)
2026-07-11T20:45:03.565+05:30 DEBUG 26608 --- [job-board-api] [           main] org.hibernate.SQL                        : insert into companies (created_at,description,location,logo_url,name,owner_id,website,id) values (?,?,?,?,?,?,?,default)
2026-07-11T20:45:03.571+05:30 DEBUG 26608 --- [job-board-api] [           main] org.hibernate.SQL                        : insert into companies (created_at,description,location,logo_url,name,owner_id,website,id) values (?,?,?,?,?,?,?,default)
2026-07-11T20:45:03.589+05:30 DEBUG 26608 --- [job-board-api] [           main] org.hibernate.SQL                        : insert into jobs (category,company_id,created_at,description,experience_level,job_type,location,posted_by,salary_max,salary_min,title,id) values (?,?,?,?,?,?,?,?,?,?,?,default)
2026-07-11T20:45:03.594+05:30 DEBUG 26608 --- [job-board-api] [           main] org.hibernate.SQL                        : insert into jobs (category,company_id,created_at,description,experience_level,job_type,location,posted_by,salary_max,salary_min,title,id) values (?,?,?,?,?,?,?,?,?,?,?,default)
2026-07-11T20:45:03.596+05:30 DEBUG 26608 --- [job-board-api] [           main] org.hibernate.SQL                        : insert into jobs (category,company_id,created_at,description,experience_level,job_type,location,posted_by,salary_max,salary_min,title,id) values (?,?,?,?,?,?,?,?,?,?,?,default)
2026-07-11T20:45:03.598+05:30 DEBUG 26608 --- [job-board-api] [           main] org.hibernate.SQL                        : insert into jobs (category,company_id,created_at,description,experience_level,job_type,location,posted_by,salary_max,salary_min,title,id) values (?,?,?,?,?,?,?,?,?,?,?,default)
2026-07-11T20:45:03.615+05:30 DEBUG 26608 --- [job-board-api] [           main] org.hibernate.SQL                        : insert into job_tags (job_id,tag_order,tag) values (?,?,?)
2026-07-11T20:45:03.618+05:30 DEBUG 26608 --- [job-board-api] [           main] org.hibernate.SQL                        : insert into job_tags (job_id,tag_order,tag) values (?,?,?)
2026-07-11T20:45:03.619+05:30 DEBUG 26608 --- [job-board-api] [           main] org.hibernate.SQL                        : insert into job_tags (job_id,tag_order,tag) values (?,?,?)
2026-07-11T20:45:03.621+05:30 DEBUG 26608 --- [job-board-api] [           main] org.hibernate.SQL                        : insert into job_tags (job_id,tag_order,tag) values (?,?,?)
2026-07-11T20:45:03.622+05:30 DEBUG 26608 --- [job-board-api] [           main] org.hibernate.SQL                        : insert into job_tags (job_id,tag_order,tag) values (?,?,?)
2026-07-11T20:45:03.623+05:30 DEBUG 26608 --- [job-board-api] [           main] org.hibernate.SQL                        : insert into job_tags (job_id,tag_order,tag) values (?,?,?)
2026-07-11T20:45:03.623+05:30 DEBUG 26608 --- [job-board-api] [           main] org.hibernate.SQL                        : insert into job_tags (job_id,tag_order,tag) values (?,?,?)
2026-07-11T20:45:03.624+05:30 DEBUG 26608 --- [job-board-api] [           main] org.hibernate.SQL                        : insert into job_tags (job_id,tag_order,tag) values (?,?,?)
2026-07-11T20:45:03.624+05:30 DEBUG 26608 --- [job-board-api] [           main] org.hibernate.SQL                        : insert into job_tags (job_id,tag_order,tag) values (?,?,?)
2026-07-11T20:45:03.625+05:30 DEBUG 26608 --- [job-board-api] [           main] org.hibernate.SQL                        : insert into job_tags (job_id,tag_order,tag) values (?,?,?)
2026-07-11T20:45:03.625+05:30 DEBUG 26608 --- [job-board-api] [           main] org.hibernate.SQL                        : insert into job_tags (job_id,tag_order,tag) values (?,?,?)

MockHttpServletRequest:
      HTTP Method = GET
      Request URI = /api/companies
       Parameters = {}
          Headers = []
             Body = null
    Session Attrs = {SPRING_SECURITY_SAVED_REQUEST=DefaultSavedRequest [http://localhost/api/companies?continue]}

Handler:
             Type = null

Async:
    Async started = false
     Async result = null

Resolved Exception:
             Type = null

ModelAndView:
        View name = null
             View = null
            Model = null

FlashMap:
       Attributes = null

MockHttpServletResponse:
           Status = 401
    Error message = Unauthorized
          Headers = [WWW-Authenticate:"Basic realm="Realm"", X-Content-Type-Options:"nosniff", X-XSS-Protection:"0", Cache-Control:"no-cache, no-store, max-age=0, must-revalidate", Pragma:"no-cache", Expires:"0", X-Frame-Options:"DENY"]
     Content type = null
             Body = 
    Forwarded URL = null
   Redirected URL = null
          Cookies = []
]]></system-out>
  </testcase>
  <testcase name="jobsEndpointSupportsFilteringAndPagination" classname="com.jobboard.api.JobBoardApiApplicationTests" time="0.012">
    <failure message="Status expected:&lt;200&gt; but was:&lt;401&gt;" type="java.lang.AssertionError"><![CDATA[java.lang.AssertionError: Status expected:<200> but was:<401>
	at org.springframework.test.util.AssertionErrors.fail(AssertionErrors.java:61)
	at org.springframework.test.util.AssertionErrors.assertEquals(AssertionErrors.java:128)
	at org.springframework.test.web.servlet.result.StatusResultMatchers.lambda$matcher$9(StatusResultMatchers.java:640)
	at org.springframework.test.web.servlet.MockMvc$1.andExpect(MockMvc.java:214)
	at com.jobboard.api.JobBoardApiApplicationTests.jobsEndpointSupportsFilteringAndPagination(JobBoardApiApplicationTests.java:56)
	at java.base/java.lang.reflect.Method.invoke(Method.java:568)
	at java.base/java.util.ArrayList.forEach(ArrayList.java:1511)
	at java.base/java.util.ArrayList.forEach(ArrayList.java:1511)
]]></failure>
    <system-out><![CDATA[
MockHttpServletRequest:
      HTTP Method = GET
      Request URI = /api/jobs
       Parameters = {jobType=[FULL_TIME], page=[0], size=[5]}
          Headers = []
             Body = null
    Session Attrs = {SPRING_SECURITY_SAVED_REQUEST=DefaultSavedRequest [http://localhost/api/jobs?continue]}

Handler:
             Type = null

Async:
    Async started = false
     Async result = null

Resolved Exception:
             Type = null

ModelAndView:
        View name = null
             View = null
            Model = null

FlashMap:
       Attributes = null

MockHttpServletResponse:
           Status = 401
    Error message = Unauthorized
          Headers = [WWW-Authenticate:"Basic realm="Realm"", X-Content-Type-Options:"nosniff", X-XSS-Protection:"0", Cache-Control:"no-cache, no-store, max-age=0, must-revalidate", Pragma:"no-cache", Expires:"0", X-Frame-Options:"DENY"]
     Content type = null
             Body = 
    Forwarded URL = null
   Redirected URL = null
          Cookies = []
]]></system-out>
  </testcase>
  <testcase name="jobsEndpointReturnsOk" classname="com.jobboard.api.JobBoardApiApplicationTests" time="0.019">
    <failure message="Status expected:&lt;200&gt; but was:&lt;401&gt;" type="java.lang.AssertionError"><![CDATA[java.lang.AssertionError: Status expected:<200> but was:<401>
	at org.springframework.test.util.AssertionErrors.fail(AssertionErrors.java:61)
	at org.springframework.test.util.AssertionErrors.assertEquals(AssertionErrors.java:128)
	at org.springframework.test.web.servlet.result.StatusResultMatchers.lambda$matcher$9(StatusResultMatchers.java:640)
	at org.springframework.test.web.servlet.MockMvc$1.andExpect(MockMvc.java:214)
	at com.jobboard.api.JobBoardApiApplicationTests.jobsEndpointReturnsOk(JobBoardApiApplicationTests.java:47)
	at java.base/java.lang.reflect.Method.invoke(Method.java:568)
	at java.base/java.util.ArrayList.forEach(ArrayList.java:1511)
	at java.base/java.util.ArrayList.forEach(ArrayList.java:1511)
]]></failure>
    <system-out><![CDATA[
MockHttpServletRequest:
      HTTP Method = GET
      Request URI = /api/jobs
       Parameters = {}
          Headers = []
             Body = null
    Session Attrs = {SPRING_SECURITY_SAVED_REQUEST=DefaultSavedRequest [http://localhost/api/jobs?continue]}

Handler:
             Type = null

Async:
    Async started = false
     Async result = null

Resolved Exception:
             Type = null

ModelAndView:
        View name = null
             View = null
            Model = null

FlashMap:
       Attributes = null

MockHttpServletResponse:
           Status = 401
    Error message = Unauthorized
          Headers = [WWW-Authenticate:"Basic realm="Realm"", X-Content-Type-Options:"nosniff", X-XSS-Protection:"0", Cache-Control:"no-cache, no-store, max-age=0, must-revalidate", Pragma:"no-cache", Expires:"0", X-Frame-Options:"DENY"]
     Content type = null
             Body = 
    Forwarded URL = null
   Redirected URL = null
          Cookies = []
]]></system-out>
  </testcase>
  <testcase name="healthEndpointReturnsOk" classname="com.jobboard.api.JobBoardApiApplicationTests" time="0.016">
    <failure message="Status expected:&lt;200&gt; but was:&lt;401&gt;" type="java.lang.AssertionError"><![CDATA[java.lang.AssertionError: Status expected:<200> but was:<401>
	at org.springframework.test.util.AssertionErrors.fail(AssertionErrors.java:61)
	at org.springframework.test.util.AssertionErrors.assertEquals(AssertionErrors.java:128)
	at org.springframework.test.web.servlet.result.StatusResultMatchers.lambda$matcher$9(StatusResultMatchers.java:640)
	at org.springframework.test.web.servlet.MockMvc$1.andExpect(MockMvc.java:214)
	at com.jobboard.api.JobBoardApiApplicationTests.healthEndpointReturnsOk(JobBoardApiApplicationTests.java:68)
	at java.base/java.lang.reflect.Method.invoke(Method.java:568)
	at java.base/java.util.ArrayList.forEach(ArrayList.java:1511)
	at java.base/java.util.ArrayList.forEach(ArrayList.java:1511)
]]></failure>
    <system-out><![CDATA[
MockHttpServletRequest:
      HTTP Method = GET
      Request URI = /api/health
       Parameters = {}
          Headers = []
             Body = null
    Session Attrs = {SPRING_SECURITY_SAVED_REQUEST=DefaultSavedRequest [http://localhost/api/health?continue]}

Handler:
             Type = null

Async:
    Async started = false
     Async result = null

Resolved Exception:
             Type = null

ModelAndView:
        View name = null
             View = null
            Model = null

FlashMap:
       Attributes = null

MockHttpServletResponse:
           Status = 401
    Error message = Unauthorized
          Headers = [WWW-Authenticate:"Basic realm="Realm"", X-Content-Type-Options:"nosniff", X-XSS-Protection:"0", Cache-Control:"no-cache, no-store, max-age=0, must-revalidate", Pragma:"no-cache", Expires:"0", X-Frame-Options:"DENY"]
     Content type = null
             Body = 
    Forwarded URL = null
   Redirected URL = null
          Cookies = []
]]></system-out>
  </testcase>
  <testcase name="unknownJobIdReturns404" classname="com.jobboard.api.JobBoardApiApplicationTests" time="0.016">
    <failure message="Status expected:&lt;404&gt; but was:&lt;401&gt;" type="java.lang.AssertionError"><![CDATA[java.lang.AssertionError: Status expected:<404> but was:<401>
	at org.springframework.test.util.AssertionErrors.fail(AssertionErrors.java:61)
	at org.springframework.test.util.AssertionErrors.assertEquals(AssertionErrors.java:128)
	at org.springframework.test.web.servlet.result.StatusResultMatchers.lambda$matcher$9(StatusResultMatchers.java:640)
	at org.springframework.test.web.servlet.MockMvc$1.andExpect(MockMvc.java:214)
	at com.jobboard.api.JobBoardApiApplicationTests.unknownJobIdReturns404(JobBoardApiApplicationTests.java:74)
	at java.base/java.lang.reflect.Method.invoke(Method.java:568)
	at java.base/java.util.ArrayList.forEach(ArrayList.java:1511)
	at java.base/java.util.ArrayList.forEach(ArrayList.java:1511)
]]></failure>
    <system-out><![CDATA[
MockHttpServletRequest:
      HTTP Method = GET
      Request URI = /api/jobs/999999
       Parameters = {}
          Headers = []
             Body = null
    Session Attrs = {SPRING_SECURITY_SAVED_REQUEST=DefaultSavedRequest [http://localhost/api/jobs/999999?continue]}

Handler:
             Type = null

Async:
    Async started = false
     Async result = null

Resolved Exception:
             Type = null

ModelAndView:
        View name = null
             View = null
            Model = null

FlashMap:
       Attributes = null

MockHttpServletResponse:
           Status = 401
    Error message = Unauthorized
          Headers = [WWW-Authenticate:"Basic realm="Realm"", X-Content-Type-Options:"nosniff", X-XSS-Protection:"0", Cache-Control:"no-cache, no-store, max-age=0, must-revalidate", Pragma:"no-cache", Expires:"0", X-Frame-Options:"DENY"]
     Content type = null
             Body = 
    Forwarded URL = null
   Redirected URL = null
          Cookies = []
]]></system-out>
  </testcase>
  <testcase name="seedDataIsLoadedOnStartup" classname="com.jobboard.api.JobBoardApiApplicationTests" time="0.167">
    <system-out><![CDATA[2026-07-11T20:45:04.669+05:30 DEBUG 26608 --- [job-board-api] [           main] org.hibernate.SQL                        : select count(*) from users u1_0
2026-07-11T20:45:04.816+05:30 DEBUG 26608 --- [job-board-api] [           main] org.hibernate.SQL                        : select count(*) from companies c1_0
2026-07-11T20:45:04.821+05:30 DEBUG 26608 --- [job-board-api] [           main] org.hibernate.SQL                        : select count(*) from jobs j1_0
]]></system-out>
  </testcase>
  <testcase name="contextLoads" classname="com.jobboard.api.JobBoardApiApplicationTests" time="0.009"/>
  <testcase name="unknownUserIdReturns404" classname="com.jobboard.api.JobBoardApiApplicationTests" time="0.012">
    <failure message="Status expected:&lt;404&gt; but was:&lt;401&gt;" type="java.lang.AssertionError"><![CDATA[java.lang.AssertionError: Status expected:<404> but was:<401>
	at org.springframework.test.util.AssertionErrors.fail(AssertionErrors.java:61)
	at org.springframework.test.util.AssertionErrors.assertEquals(AssertionErrors.java:128)
	at org.springframework.test.web.servlet.result.StatusResultMatchers.lambda$matcher$9(StatusResultMatchers.java:640)
	at org.springframework.test.web.servlet.MockMvc$1.andExpect(MockMvc.java:214)
	at com.jobboard.api.JobBoardApiApplicationTests.unknownUserIdReturns404(JobBoardApiApplicationTests.java:80)
	at java.base/java.lang.reflect.Method.invoke(Method.java:568)
	at java.base/java.util.ArrayList.forEach(ArrayList.java:1511)
	at java.base/java.util.ArrayList.forEach(ArrayList.java:1511)
]]></failure>
    <system-out><![CDATA[
MockHttpServletRequest:
      HTTP Method = GET
      Request URI = /api/users/999999
       Parameters = {}
          Headers = []
             Body = null
    Session Attrs = {SPRING_SECURITY_SAVED_REQUEST=DefaultSavedRequest [http://localhost/api/users/999999?continue]}

Handler:
             Type = null

Async:
    Async started = false
     Async result = null

Resolved Exception:
             Type = null

ModelAndView:
        View name = null
             View = null
            Model = null

FlashMap:
       Attributes = null

MockHttpServletResponse:
           Status = 401
    Error message = Unauthorized
          Headers = [WWW-Authenticate:"Basic realm="Realm"", X-Content-Type-Options:"nosniff", X-XSS-Protection:"0", Cache-Control:"no-cache, no-store, max-age=0, must-revalidate", Pragma:"no-cache", Expires:"0", X-Frame-Options:"DENY"]
     Content type = null
             Body = 
    Forwarded URL = null
   Redirected URL = null
          Cookies = []
]]></system-out>
  </testcase>
</testsuite>